/*C2*/SET SCHEMA PUBLIC
DISCONNECT
/*C3*/SET SCHEMA PUBLIC
DISCONNECT
/*C4*/SET SCHEMA PUBLIC
DISCONNECT
/*C6*/SET SCHEMA PUBLIC
DISCONNECT
/*C5*/SET SCHEMA PUBLIC
DISCONNECT
/*C8*/SET SCHEMA PUBLIC
INSERT INTO AUTOMOVEIS VALUES(24,'ZZZ 3434','2000')
COMMIT
DISCONNECT
/*C9*/SET SCHEMA PUBLIC
INSERT INTO AUTOMOVEIS VALUES(25,'AAA 3434','2010')
COMMIT
DISCONNECT
/*C10*/SET SCHEMA PUBLIC
DISCONNECT
/*C11*/SET SCHEMA PUBLIC
INSERT INTO AUTOMOVEIS VALUES(26,'ZZZ 3434','2000')
COMMIT
DISCONNECT
/*C12*/SET SCHEMA PUBLIC
INSERT INTO AUTOMOVEIS VALUES(27,'AAA 3434','2010')
COMMIT
DISCONNECT
/*C13*/SET SCHEMA PUBLIC
DISCONNECT
/*C14*/SET SCHEMA PUBLIC
INSERT INTO AUTOMOVEIS VALUES(28,'ZZZ 3434','2000')
COMMIT
DISCONNECT
/*C15*/SET SCHEMA PUBLIC
INSERT INTO AUTOMOVEIS VALUES(29,'AAA 3434','2010')
COMMIT
DISCONNECT
/*C16*/SET SCHEMA PUBLIC
DISCONNECT
/*C17*/SET SCHEMA PUBLIC
INSERT INTO AUTOMOVEIS VALUES(30,'ZZZ 3434','2000')
COMMIT
DISCONNECT
/*C18*/SET SCHEMA PUBLIC
INSERT INTO AUTOMOVEIS VALUES(31,'AAA 3434','2010')
COMMIT
DISCONNECT
/*C19*/SET SCHEMA PUBLIC
DISCONNECT
